<?xml version="1.0" encoding="UTF-8"?>
<testsuite name="com.example.Project23.ReportOfPurchasesTableTest" tests="1" skipped="0" failures="0" errors="0" timestamp="2020-12-11T18:43:51" hostname="Bogdans-MacBook-Pro.local" time="0.001">
  <properties/>
  <testcase name="updatePriceTest()" classname="com.example.Project23.ReportOfPurchasesTableTest" time="0.001"/>
  <system-out><![CDATA[]]></system-out>
  <system-err><![CDATA[]]></system-err>
</testsuite>
